# JRE version: OpenJDK Runtime Environment (11.0.15) (build 11.0.15+0-b2043.56-9505619)
# Java VM: OpenJDK 64-Bit Server VM (11.0.15+0-b2043.56-9505619, mixed mode, tiered, compressed oops, g1 gc, windows-amd64)
Heap:
 garbage-first heap   total 183296K, used 126407K [0x0000000080000000, 0x0000000100000000)
  region size 1024K, 61 young (62464K), 10 survivors (10240K)
 Metaspace       used 85360K, capacity 87475K, committed 87600K, reserved 1124352K
  class space    used 11088K, capacity 11904K, committed 11904K, reserved 1048576K
GC Heap History (20 events):
Event: 3.217 GC heap before
{Heap before GC invocations=9 (full 0):
 garbage-first heap   total 126976K, used 80857K [0x0000000080000000, 0x0000000100000000)
  region size 1024K, 60 young (61440K), 8 survivors (8192K)
 Metaspace       used 44978K, capacity 46043K, committed 46256K, reserved 1089536K
  class space    used 5679K, capacity 6073K, committed 6144K, reserved 1048576K
}
Event: 3.222 GC heap after
{Heap after GC invocations=10 (full 0):
 garbage-first heap   total 152576K, used 30620K [0x0000000080000000, 0x0000000100000000)
  region size 1024K, 4 young (4096K), 4 survivors (4096K)
 Metaspace       used 44978K, capacity 46043K, committed 46256K, reserved 1089536K
  class space    used 5679K, capacity 6073K, committed 6144K, reserved 1048576K
}
Event: 3.721 GC heap before
{Heap before GC invocations=10 (full 0):
 garbage-first heap   total 152576K, used 97180K [0x0000000080000000, 0x0000000100000000)
  region size 1024K, 69 young (70656K), 4 survivors (4096K)
 Metaspace       used 49428K, capacity 50693K, committed 50736K, reserved 1093632K
  class space    used 6267K, capacity 6744K, committed 6784K, reserved 1048576K
}
Event: 3.724 GC heap after
{Heap after GC invocations=11 (full 0):
 garbage-first heap   total 152576K, used 32431K [0x0000000080000000, 0x0000000100000000)
  region size 1024K, 6 young (6144K), 6 survivors (6144K)
 Metaspace       used 49428K, capacity 50693K, committed 50736K, reserved 1093632K
  class space    used 6267K, capacity 6744K, committed 6784K, reserved 1048576K
}
Event: 4.244 GC heap before
{Heap before GC invocations=11 (full 0):
 garbage-first heap   total 152576K, used 110255K [0x0000000080000000, 0x0000000100000000)
  region size 1024K, 74 young (75776K), 6 survivors (6144K)
 Metaspace       used 53472K, capacity 54774K, committed 54960K, reserved 1097728K
  class space    used 6767K, capacity 7299K, committed 7424K, reserved 1048576K
}
Event: 4.250 GC heap after
{Heap after GC invocations=12 (full 0):
 garbage-first heap   total 152576K, used 48962K [0x0000000080000000, 0x0000000100000000)
  region size 1024K, 10 young (10240K), 10 survivors (10240K)
 Metaspace       used 53472K, capacity 54774K, committed 54960K, reserved 1097728K
  class space    used 6767K, capacity 7299K, committed 7424K, reserved 1048576K
}
Event: 4.553 GC heap before
{Heap before GC invocations=12 (full 0):
 garbage-first heap   total 152576K, used 81730K [0x0000000080000000, 0x0000000100000000)
  region size 1024K, 43 young (44032K), 10 survivors (10240K)
 Metaspace       used 58552K, capacity 60136K, committed 60208K, reserved 1101824K
  class space    used 7402K, capacity 8020K, committed 8064K, reserved 1048576K
}
Event: 4.561 GC heap after
{Heap after GC invocations=13 (full 0):
 garbage-first heap   total 152576K, used 51266K [0x0000000080000000, 0x0000000100000000)
  region size 1024K, 2 young (2048K), 2 survivors (2048K)
 Metaspace       used 58552K, capacity 60136K, committed 60208K, reserved 1101824K
  class space    used 7402K, capacity 8020K, committed 8064K, reserved 1048576K
}
Event: 4.931 GC heap before
{Heap before GC invocations=14 (full 0):
 garbage-first heap   total 152576K, used 109634K [0x0000000080000000, 0x0000000100000000)
  region size 1024K, 52 young (53248K), 2 survivors (2048K)
 Metaspace       used 63118K, capacity 64732K, committed 64944K, reserved 1105920K
  class space    used 7963K, capacity 8623K, committed 8704K, reserved 1048576K
}
Event: 4.934 GC heap after
{Heap after GC invocations=15 (full 0):
 garbage-first heap   total 152576K, used 55659K [0x0000000080000000, 0x0000000100000000)
  region size 1024K, 7 young (7168K), 7 survivors (7168K)
 Metaspace       used 63118K, capacity 64732K, committed 64944K, reserved 1105920K
  class space    used 7963K, capacity 8623K, committed 8704K, reserved 1048576K
}
Event: 5.297 GC heap before
{Heap before GC invocations=15 (full 0):
 garbage-first heap   total 152576K, used 105835K [0x0000000080000000, 0x0000000100000000)
  region size 1024K, 56 young (57344K), 7 survivors (7168K)
 Metaspace       used 67185K, capacity 68768K, committed 69040K, reserved 1110016K
  class space    used 8496K, capacity 9145K, committed 9216K, reserved 1048576K
}
Event: 5.301 GC heap after
{Heap after GC invocations=16 (full 0):
 garbage-first heap   total 152576K, used 58815K [0x0000000080000000, 0x0000000100000000)
  region size 1024K, 4 young (4096K), 4 survivors (4096K)
 Metaspace       used 67185K, capacity 68768K, committed 69040K, reserved 1110016K
  class space    used 8496K, capacity 9145K, committed 9216K, reserved 1048576K
}
Event: 5.505 GC heap before
{Heap before GC invocations=16 (full 0):
 garbage-first heap   total 152576K, used 110015K [0x0000000080000000, 0x0000000100000000)
  region size 1024K, 54 young (55296K), 4 survivors (4096K)
 Metaspace       used 68517K, capacity 70196K, committed 70448K, reserved 1110016K
  class space    used 8662K, capacity 9317K, committed 9344K, reserved 1048576K
}
Event: 5.509 GC heap after
{Heap after GC invocations=17 (full 0):
 garbage-first heap   total 152576K, used 62033K [0x0000000080000000, 0x0000000100000000)
  region size 1024K, 7 young (7168K), 7 survivors (7168K)
 Metaspace       used 68517K, capacity 70196K, committed 70448K, reserved 1110016K
  class space    used 8662K, capacity 9317K, committed 9344K, reserved 1048576K
}
Event: 5.899 GC heap before
{Heap before GC invocations=17 (full 0):
 garbage-first heap   total 152576K, used 113233K [0x0000000080000000, 0x0000000100000000)
  region size 1024K, 57 young (58368K), 7 survivors (7168K)
 Metaspace       used 73984K, capacity 75717K, committed 75824K, reserved 1114112K
  class space    used 9567K, capacity 10276K, committed 10368K, reserved 1048576K
}
Event: 5.903 GC heap after
{Heap after GC invocations=18 (full 0):
 garbage-first heap   total 183296K, used 65210K [0x0000000080000000, 0x0000000100000000)
  region size 1024K, 7 young (7168K), 7 survivors (7168K)
 Metaspace       used 73984K, capacity 75717K, committed 75824K, reserved 1114112K
  class space    used 9567K, capacity 10276K, committed 10368K, reserved 1048576K
}
Event: 6.633 GC heap before
{Heap before GC invocations=18 (full 0):
 garbage-first heap   total 183296K, used 132794K [0x0000000080000000, 0x0000000100000000)
  region size 1024K, 73 young (74752K), 7 survivors (7168K)
 Metaspace       used 80004K, capacity 81879K, committed 82096K, reserved 1120256K
  class space    used 10458K, capacity 11201K, committed 11264K, reserved 1048576K
}
Event: 6.640 GC heap after
{Heap after GC invocations=19 (full 0):
 garbage-first heap   total 183296K, used 68921K [0x0000000080000000, 0x0000000100000000)
  region size 1024K, 7 young (7168K), 7 survivors (7168K)
 Metaspace       used 80004K, capacity 81879K, committed 82096K, reserved 1120256K
  class space    used 10458K, capacity 11201K, committed 11264K, reserved 1048576K
}
Event: 7.208 GC heap before
{Heap before GC invocations=19 (full 0):
 garbage-first heap   total 183296K, used 136505K [0x0000000080000000, 0x0000000100000000)
  region size 1024K, 73 young (74752K), 7 survivors (7168K)
 Metaspace       used 85257K, capacity 87389K, committed 87600K, reserved 1124352K
  class space    used 11082K, capacity 11900K, committed 11904K, reserved 1048576K
}
Event: 7.215 GC heap after
{Heap after GC invocations=20 (full 0):
 garbage-first heap   total 183296K, used 75207K [0x0000000080000000, 0x0000000100000000)
  region size 1024K, 10 young (10240K), 10 survivors (10240K)
 Metaspace       used 85257K, capacity 87389K, committed 87600K, reserved 1124352K
  class space    used 11082K, capacity 11900K, committed 11904K, reserved 1048576K
}

