# JRE version: OpenJDK Runtime Environment (11.0.15) (build 11.0.15+0-b2043.56-9505619)
# Java VM: OpenJDK 64-Bit Server VM (11.0.15+0-b2043.56-9505619, mixed mode, tiered, compressed oops, g1 gc, windows-amd64)
Heap:
 garbage-first heap   total 354304K, used 269545K [0x0000000080000000, 0x0000000100000000)
  region size 1024K, 82 young (83968K), 3 survivors (3072K)
 Metaspace       used 113890K, capacity 116926K, committed 117072K, reserved 1150976K
  class space    used 14435K, capacity 15578K, committed 15616K, reserved 1048576K
GC Heap History (20 events):
Event: 8.604 GC heap before
{Heap before GC invocations=51 (full 0):
 garbage-first heap   total 220160K, used 170929K [0x0000000080000000, 0x0000000100000000)
  region size 1024K, 6 young (6144K), 2 survivors (2048K)
 Metaspace       used 88874K, capacity 91309K, committed 91344K, reserved 1128448K
  class space    used 11500K, capacity 12416K, committed 12416K, reserved 1048576K
}
Event: 8.610 GC heap after
{Heap after GC invocations=52 (full 0):
 garbage-first heap   total 220160K, used 169533K [0x0000000080000000, 0x0000000100000000)
  region size 1024K, 2 young (2048K), 2 survivors (2048K)
 Metaspace       used 88874K, capacity 91309K, committed 91344K, reserved 1128448K
  class space    used 11500K, capacity 12416K, committed 12416K, reserved 1048576K
}
Event: 8.801 GC heap before
{Heap before GC invocations=53 (full 0):
 garbage-first heap   total 220160K, used 184893K [0x0000000080000000, 0x0000000100000000)
  region size 1024K, 16 young (16384K), 2 survivors (2048K)
 Metaspace       used 90689K, capacity 93149K, committed 93392K, reserved 1130496K
  class space    used 11662K, capacity 12581K, committed 12672K, reserved 1048576K
}
Event: 8.804 GC heap after
{Heap after GC invocations=54 (full 0):
 garbage-first heap   total 266240K, used 169316K [0x0000000080000000, 0x0000000100000000)
  region size 1024K, 1 young (1024K), 1 survivors (1024K)
 Metaspace       used 90689K, capacity 93149K, committed 93392K, reserved 1130496K
  class space    used 11662K, capacity 12581K, committed 12672K, reserved 1048576K
}
Event: 9.516 GC heap before
{Heap before GC invocations=54 (full 0):
 garbage-first heap   total 266240K, used 206180K [0x0000000080000000, 0x0000000100000000)
  region size 1024K, 37 young (37888K), 1 survivors (1024K)
 Metaspace       used 95553K, capacity 98090K, committed 98384K, reserved 1134592K
  class space    used 12321K, capacity 13254K, committed 13312K, reserved 1048576K
}
Event: 9.538 GC heap after
{Heap after GC invocations=55 (full 0):
 garbage-first heap   total 266240K, used 170769K [0x0000000080000000, 0x0000000100000000)
  region size 1024K, 2 young (2048K), 2 survivors (2048K)
 Metaspace       used 95553K, capacity 98090K, committed 98384K, reserved 1134592K
  class space    used 12321K, capacity 13254K, committed 13312K, reserved 1048576K
}
Event: 10.171 GC heap before
{Heap before GC invocations=56 (full 0):
 garbage-first heap   total 266240K, used 210705K [0x0000000080000000, 0x0000000100000000)
  region size 1024K, 41 young (41984K), 2 survivors (2048K)
 Metaspace       used 98711K, capacity 101324K, committed 101456K, reserved 1136640K
  class space    used 12777K, capacity 13742K, committed 13824K, reserved 1048576K
}
Event: 10.176 GC heap after
{Heap after GC invocations=57 (full 0):
 garbage-first heap   total 266240K, used 173708K [0x0000000080000000, 0x0000000100000000)
  region size 1024K, 5 young (5120K), 5 survivors (5120K)
 Metaspace       used 98711K, capacity 101324K, committed 101456K, reserved 1136640K
  class space    used 12777K, capacity 13742K, committed 13824K, reserved 1048576K
}
Event: 10.608 GC heap before
{Heap before GC invocations=57 (full 0):
 garbage-first heap   total 266240K, used 213644K [0x0000000080000000, 0x0000000100000000)
  region size 1024K, 44 young (45056K), 5 survivors (5120K)
 Metaspace       used 102868K, capacity 105639K, committed 105808K, reserved 1140736K
  class space    used 13212K, capacity 14247K, committed 14336K, reserved 1048576K
}
Event: 10.615 GC heap after
{Heap after GC invocations=58 (full 0):
 garbage-first heap   total 266240K, used 176884K [0x0000000080000000, 0x0000000100000000)
  region size 1024K, 6 young (6144K), 6 survivors (6144K)
 Metaspace       used 102868K, capacity 105639K, committed 105808K, reserved 1140736K
  class space    used 13212K, capacity 14247K, committed 14336K, reserved 1048576K
}
Event: 10.824 GC heap before
{Heap before GC invocations=59 (full 0):
 garbage-first heap   total 266240K, used 215796K [0x0000000080000000, 0x0000000100000000)
  region size 1024K, 45 young (46080K), 6 survivors (6144K)
 Metaspace       used 103401K, capacity 106161K, committed 106320K, reserved 1140736K
  class space    used 13251K, capacity 14303K, committed 14336K, reserved 1048576K
}
Event: 10.830 GC heap after
{Heap after GC invocations=60 (full 0):
 garbage-first heap   total 354304K, used 179638K [0x0000000080000000, 0x0000000100000000)
  region size 1024K, 3 young (3072K), 3 survivors (3072K)
 Metaspace       used 103401K, capacity 106161K, committed 106320K, reserved 1140736K
  class space    used 13251K, capacity 14303K, committed 14336K, reserved 1048576K
}
Event: 11.448 GC heap before
{Heap before GC invocations=60 (full 0):
 garbage-first heap   total 354304K, used 252342K [0x0000000080000000, 0x0000000100000000)
  region size 1024K, 75 young (76800K), 3 survivors (3072K)
 Metaspace       used 106101K, capacity 108963K, committed 109264K, reserved 1144832K
  class space    used 13566K, capacity 14638K, committed 14720K, reserved 1048576K
}
Event: 11.455 GC heap after
{Heap after GC invocations=61 (full 0):
 garbage-first heap   total 354304K, used 182853K [0x0000000080000000, 0x0000000100000000)
  region size 1024K, 7 young (7168K), 7 survivors (7168K)
 Metaspace       used 106101K, capacity 108963K, committed 109264K, reserved 1144832K
  class space    used 13566K, capacity 14638K, committed 14720K, reserved 1048576K
}
Event: 12.272 GC heap before
{Heap before GC invocations=62 (full 0):
 garbage-first heap   total 354304K, used 258629K [0x0000000080000000, 0x0000000100000000)
  region size 1024K, 81 young (82944K), 7 survivors (7168K)
 Metaspace       used 110859K, capacity 113686K, committed 113872K, reserved 1148928K
  class space    used 14085K, capacity 15112K, committed 15232K, reserved 1048576K
}
Event: 12.281 GC heap after
{Heap after GC invocations=63 (full 0):
 garbage-first heap   total 354304K, used 186485K [0x0000000080000000, 0x0000000100000000)
  region size 1024K, 8 young (8192K), 8 survivors (8192K)
 Metaspace       used 110859K, capacity 113686K, committed 113872K, reserved 1148928K
  class space    used 14085K, capacity 15112K, committed 15232K, reserved 1048576K
}
Event: 481.901 GC heap before
{Heap before GC invocations=63 (full 0):
 garbage-first heap   total 354304K, used 273525K [0x0000000080000000, 0x0000000100000000)
  region size 1024K, 93 young (95232K), 8 survivors (8192K)
 Metaspace       used 113673K, capacity 116767K, committed 116816K, reserved 1150976K
  class space    used 14442K, capacity 15592K, committed 15616K, reserved 1048576K
}
Event: 481.985 GC heap after
{Heap after GC invocations=64 (full 0):
 garbage-first heap   total 354304K, used 189858K [0x0000000080000000, 0x0000000100000000)
  region size 1024K, 7 young (7168K), 7 survivors (7168K)
 Metaspace       used 113673K, capacity 116767K, committed 116816K, reserved 1150976K
  class space    used 14442K, capacity 15592K, committed 15616K, reserved 1048576K
}
Event: 5233.901 GC heap before
{Heap before GC invocations=65 (full 0):
 garbage-first heap   total 354304K, used 276898K [0x0000000080000000, 0x0000000100000000)
  region size 1024K, 93 young (95232K), 7 survivors (7168K)
 Metaspace       used 113857K, capacity 116910K, committed 117072K, reserved 1150976K
  class space    used 14432K, capacity 15574K, committed 15616K, reserved 1048576K
}
Event: 5233.937 GC heap after
{Heap after GC invocations=66 (full 0):
 garbage-first heap   total 354304K, used 189673K [0x0000000080000000, 0x0000000100000000)
  region size 1024K, 3 young (3072K), 3 survivors (3072K)
 Metaspace       used 113857K, capacity 116910K, committed 117072K, reserved 1150976K
  class space    used 14432K, capacity 15574K, committed 15616K, reserved 1048576K
}

