# JRE version: OpenJDK Runtime Environment (11.0.15) (build 11.0.15+0-b2043.56-9505619)
# Java VM: OpenJDK 64-Bit Server VM (11.0.15+0-b2043.56-9505619, mixed mode, tiered, compressed oops, g1 gc, windows-amd64)
Heap:
 garbage-first heap   total 126976K, used 73511K [0x0000000080000000, 0x0000000100000000)
  region size 1024K, 42 young (43008K), 7 survivors (7168K)
 Metaspace       used 33961K, capacity 35003K, committed 35120K, reserved 1079296K
  class space    used 4560K, capacity 4948K, committed 4992K, reserved 1048576K
GC Heap History (10 events):
Event: 0.392 GC heap before
{Heap before GC invocations=0 (full 0):
 garbage-first heap   total 126976K, used 29696K [0x0000000080000000, 0x0000000100000000)
  region size 1024K, 24 young (24576K), 0 survivors (0K)
 Metaspace       used 10050K, capacity 10288K, committed 10368K, reserved 1058816K
  class space    used 1005K, capacity 1073K, committed 1152K, reserved 1048576K
}
Event: 0.396 GC heap after
{Heap after GC invocations=1 (full 0):
 garbage-first heap   total 126976K, used 9639K [0x0000000080000000, 0x0000000100000000)
  region size 1024K, 3 young (3072K), 3 survivors (3072K)
 Metaspace       used 10050K, capacity 10288K, committed 10368K, reserved 1058816K
  class space    used 1005K, capacity 1073K, committed 1152K, reserved 1048576K
}
Event: 1.339 GC heap before
{Heap before GC invocations=1 (full 0):
 garbage-first heap   total 126976K, used 83367K [0x0000000080000000, 0x0000000100000000)
  region size 1024K, 74 young (75776K), 3 survivors (3072K)
 Metaspace       used 18271K, capacity 18690K, committed 18944K, reserved 1067008K
  class space    used 2114K, capacity 2292K, committed 2304K, reserved 1048576K
}
Event: 1.343 GC heap after
{Heap after GC invocations=2 (full 0):
 garbage-first heap   total 126976K, used 17125K [0x0000000080000000, 0x0000000100000000)
  region size 1024K, 10 young (10240K), 10 survivors (10240K)
 Metaspace       used 18271K, capacity 18690K, committed 18944K, reserved 1067008K
  class space    used 2114K, capacity 2292K, committed 2304K, reserved 1048576K
}
Event: 1.523 GC heap before
{Heap before GC invocations=2 (full 0):
 garbage-first heap   total 126976K, used 36581K [0x0000000080000000, 0x0000000100000000)
  region size 1024K, 30 young (30720K), 10 survivors (10240K)
 Metaspace       used 20795K, capacity 21184K, committed 21296K, reserved 1069056K
  class space    used 2487K, capacity 2635K, committed 2688K, reserved 1048576K
}
Event: 1.531 GC heap after
{Heap after GC invocations=3 (full 0):
 garbage-first heap   total 126976K, used 17697K [0x0000000080000000, 0x0000000100000000)
  region size 1024K, 1 young (1024K), 1 survivors (1024K)
 Metaspace       used 20795K, capacity 21184K, committed 21296K, reserved 1069056K
  class space    used 2487K, capacity 2635K, committed 2688K, reserved 1048576K
}
Event: 1.957 GC heap before
{Heap before GC invocations=4 (full 0):
 garbage-first heap   total 126976K, used 62753K [0x0000000080000000, 0x0000000100000000)
  region size 1024K, 46 young (47104K), 1 survivors (1024K)
 Metaspace       used 25251K, capacity 25918K, committed 26160K, reserved 1073152K
  class space    used 3223K, capacity 3433K, committed 3456K, reserved 1048576K
}
Event: 1.959 GC heap after
{Heap after GC invocations=5 (full 0):
 garbage-first heap   total 126976K, used 19053K [0x0000000080000000, 0x0000000100000000)
  region size 1024K, 3 young (3072K), 3 survivors (3072K)
 Metaspace       used 25251K, capacity 25918K, committed 26160K, reserved 1073152K
  class space    used 3223K, capacity 3433K, committed 3456K, reserved 1048576K
}
Event: 2.635 GC heap before
{Heap before GC invocations=5 (full 0):
 garbage-first heap   total 126976K, used 84589K [0x0000000080000000, 0x0000000100000000)
  region size 1024K, 53 young (54272K), 3 survivors (3072K)
 Metaspace       used 29923K, capacity 30940K, committed 31152K, reserved 1077248K
  class space    used 3956K, capacity 4318K, committed 4352K, reserved 1048576K
}
Event: 2.638 GC heap after
{Heap after GC invocations=6 (full 0):
 garbage-first heap   total 126976K, used 38695K [0x0000000080000000, 0x0000000100000000)
  region size 1024K, 7 young (7168K), 7 survivors (7168K)
 Metaspace       used 29923K, capacity 30940K, committed 31152K, reserved 1077248K
  class space    used 3956K, capacity 4318K, committed 4352K, reserved 1048576K
}

